2025-09-26 14:29:01,497 - loggers.data_logger - INFO - Database setup completed
2025-09-26 14:29:02,236 - can.interfaces.vector.canlib - WARNING - Could not import vxlapi: Vector XL library not found: vxlapi64
2025-09-26 14:56:40,365 - loggers.data_logger - INFO - Database setup completed
2025-09-26 14:57:54,167 - loggers.data_logger - INFO - Database setup completed
2025-09-26 14:58:26,032 - loggers.data_logger - INFO - Database setup completed
2025-09-26 15:03:29,006 - loggers.data_logger - INFO - Database setup completed
2025-09-26 15:03:29,519 - hardware.vector_interface - INFO - Scanning for Vector CAN interfaces...
2025-09-26 15:03:29,520 - hardware.vector_interface - INFO - Testing channel 0 at 125000 bps...
2025-09-26 15:03:29,536 - can.interfaces.vector.canlib - WARNING - Could not import vxlapi: Vector XL library not found: vxlapi64
2025-09-26 15:03:29,537 - hardware.vector_interface - INFO - Testing channel 0 at 250000 bps...
2025-09-26 15:03:29,538 - hardware.vector_interface - INFO - Testing channel 0 at 500000 bps...
2025-09-26 15:03:29,539 - hardware.vector_interface - INFO - Testing channel 0 at 1000000 bps...
2025-09-26 15:03:29,540 - hardware.vector_interface - INFO - Testing channel 1 at 125000 bps...
2025-09-26 15:03:29,541 - hardware.vector_interface - INFO - Testing channel 1 at 250000 bps...
2025-09-26 15:03:29,542 - hardware.vector_interface - INFO - Testing channel 1 at 500000 bps...
2025-09-26 15:03:29,543 - hardware.vector_interface - INFO - Testing channel 1 at 1000000 bps...
2025-09-26 15:03:29,544 - hardware.vector_interface - INFO - Testing channel 2 at 125000 bps...
2025-09-26 15:03:29,544 - hardware.vector_interface - INFO - Testing channel 2 at 250000 bps...
2025-09-26 15:03:29,545 - hardware.vector_interface - INFO - Testing channel 2 at 500000 bps...
2025-09-26 15:03:29,546 - hardware.vector_interface - INFO - Testing channel 2 at 1000000 bps...
2025-09-26 15:03:29,547 - hardware.vector_interface - INFO - Testing channel 3 at 125000 bps...
2025-09-26 15:03:29,548 - hardware.vector_interface - INFO - Testing channel 3 at 250000 bps...
2025-09-26 15:03:29,549 - hardware.vector_interface - INFO - Testing channel 3 at 500000 bps...
2025-09-26 15:03:29,550 - hardware.vector_interface - INFO - Testing channel 3 at 1000000 bps...
2025-09-26 15:03:29,550 - hardware.vector_interface - INFO - Testing channel 4 at 125000 bps...
2025-09-26 15:03:29,551 - hardware.vector_interface - INFO - Testing channel 4 at 250000 bps...
2025-09-26 15:03:29,552 - hardware.vector_interface - INFO - Testing channel 4 at 500000 bps...
2025-09-26 15:03:29,553 - hardware.vector_interface - INFO - Testing channel 4 at 1000000 bps...
2025-09-26 15:03:29,554 - hardware.vector_interface - INFO - Testing channel 5 at 125000 bps...
2025-09-26 15:03:29,555 - hardware.vector_interface - INFO - Testing channel 5 at 250000 bps...
2025-09-26 15:03:29,555 - hardware.vector_interface - INFO - Testing channel 5 at 500000 bps...
2025-09-26 15:03:29,556 - hardware.vector_interface - INFO - Testing channel 5 at 1000000 bps...
2025-09-26 15:03:29,557 - hardware.vector_interface - INFO - Testing channel 6 at 125000 bps...
2025-09-26 15:03:29,558 - hardware.vector_interface - INFO - Testing channel 6 at 250000 bps...
2025-09-26 15:03:29,559 - hardware.vector_interface - INFO - Testing channel 6 at 500000 bps...
2025-09-26 15:03:29,559 - hardware.vector_interface - INFO - Testing channel 6 at 1000000 bps...
2025-09-26 15:03:29,560 - hardware.vector_interface - INFO - Testing channel 7 at 125000 bps...
2025-09-26 15:03:29,561 - hardware.vector_interface - INFO - Testing channel 7 at 250000 bps...
2025-09-26 15:03:29,562 - hardware.vector_interface - INFO - Testing channel 7 at 500000 bps...
2025-09-26 15:03:29,562 - hardware.vector_interface - INFO - Testing channel 7 at 1000000 bps...
2025-09-26 15:03:29,563 - hardware.vector_interface - WARNING - No Vector interfaces detected
2025-09-26 15:17:35,104 - loggers.data_logger - INFO - Database setup completed
2025-09-26 15:17:35,684 - hardware.vector_interface - INFO - Scanning for Vector CAN interfaces...
2025-09-26 15:17:35,685 - hardware.vector_interface - INFO - Testing channel 0 at 125000 bps...
2025-09-26 15:17:35,706 - can.interfaces.vector.canlib - WARNING - Could not import vxlapi: Vector XL library not found: vxlapi64
2025-09-26 15:17:35,707 - hardware.vector_interface - INFO - Testing channel 0 at 250000 bps...
2025-09-26 15:17:35,708 - hardware.vector_interface - INFO - Testing channel 0 at 500000 bps...
2025-09-26 15:17:35,709 - hardware.vector_interface - INFO - Testing channel 0 at 1000000 bps...
2025-09-26 15:17:35,710 - hardware.vector_interface - INFO - Testing channel 1 at 125000 bps...
2025-09-26 15:17:35,711 - hardware.vector_interface - INFO - Testing channel 1 at 250000 bps...
2025-09-26 15:17:35,712 - hardware.vector_interface - INFO - Testing channel 1 at 500000 bps...
2025-09-26 15:17:35,713 - hardware.vector_interface - INFO - Testing channel 1 at 1000000 bps...
2025-09-26 15:17:35,713 - hardware.vector_interface - INFO - Testing channel 2 at 125000 bps...
2025-09-26 15:17:35,714 - hardware.vector_interface - INFO - Testing channel 2 at 250000 bps...
2025-09-26 15:17:35,715 - hardware.vector_interface - INFO - Testing channel 2 at 500000 bps...
2025-09-26 15:17:35,716 - hardware.vector_interface - INFO - Testing channel 2 at 1000000 bps...
2025-09-26 15:17:35,717 - hardware.vector_interface - INFO - Testing channel 3 at 125000 bps...
2025-09-26 15:17:35,718 - hardware.vector_interface - INFO - Testing channel 3 at 250000 bps...
2025-09-26 15:17:35,719 - hardware.vector_interface - INFO - Testing channel 3 at 500000 bps...
2025-09-26 15:17:35,720 - hardware.vector_interface - INFO - Testing channel 3 at 1000000 bps...
2025-09-26 15:17:35,721 - hardware.vector_interface - INFO - Testing channel 4 at 125000 bps...
2025-09-26 15:17:35,721 - hardware.vector_interface - INFO - Testing channel 4 at 250000 bps...
2025-09-26 15:17:35,722 - hardware.vector_interface - INFO - Testing channel 4 at 500000 bps...
2025-09-26 15:17:35,723 - hardware.vector_interface - INFO - Testing channel 4 at 1000000 bps...
2025-09-26 15:17:35,724 - hardware.vector_interface - INFO - Testing channel 5 at 125000 bps...
2025-09-26 15:17:35,725 - hardware.vector_interface - INFO - Testing channel 5 at 250000 bps...
2025-09-26 15:17:35,725 - hardware.vector_interface - INFO - Testing channel 5 at 500000 bps...
2025-09-26 15:17:35,726 - hardware.vector_interface - INFO - Testing channel 5 at 1000000 bps...
2025-09-26 15:17:35,729 - hardware.vector_interface - INFO - Testing channel 6 at 125000 bps...
2025-09-26 15:17:35,731 - hardware.vector_interface - INFO - Testing channel 6 at 250000 bps...
2025-09-26 15:17:35,733 - hardware.vector_interface - INFO - Testing channel 6 at 500000 bps...
2025-09-26 15:17:35,735 - hardware.vector_interface - INFO - Testing channel 6 at 1000000 bps...
2025-09-26 15:17:35,736 - hardware.vector_interface - INFO - Testing channel 7 at 125000 bps...
2025-09-26 15:17:35,738 - hardware.vector_interface - INFO - Testing channel 7 at 250000 bps...
2025-09-26 15:17:35,739 - hardware.vector_interface - INFO - Testing channel 7 at 500000 bps...
2025-09-26 15:17:35,740 - hardware.vector_interface - INFO - Testing channel 7 at 1000000 bps...
2025-09-26 15:17:35,741 - hardware.vector_interface - WARNING - No Vector interfaces detected
2025-09-26 15:56:06,205 - loggers.data_logger - INFO - Database setup completed
2025-09-26 15:56:06,712 - hardware.vector_interface - INFO - Scanning for Vector CAN interfaces...
2025-09-26 15:56:06,713 - hardware.vector_interface - INFO - Testing channel 0 at 125000 bps...
2025-09-26 15:56:06,733 - can.interfaces.vector.canlib - WARNING - Could not import vxlapi: Vector XL library not found: vxlapi64
2025-09-26 15:56:06,735 - hardware.vector_interface - INFO - Testing channel 0 at 250000 bps...
2025-09-26 15:56:06,736 - hardware.vector_interface - INFO - Testing channel 0 at 500000 bps...
2025-09-26 15:56:06,737 - hardware.vector_interface - INFO - Testing channel 0 at 1000000 bps...
2025-09-26 15:56:06,738 - hardware.vector_interface - INFO - Testing channel 1 at 125000 bps...
2025-09-26 15:56:06,738 - hardware.vector_interface - INFO - Testing channel 1 at 250000 bps...
2025-09-26 15:56:06,739 - hardware.vector_interface - INFO - Testing channel 1 at 500000 bps...
2025-09-26 15:56:06,740 - hardware.vector_interface - INFO - Testing channel 1 at 1000000 bps...
2025-09-26 15:56:06,741 - hardware.vector_interface - INFO - Testing channel 2 at 125000 bps...
2025-09-26 15:56:06,742 - hardware.vector_interface - INFO - Testing channel 2 at 250000 bps...
2025-09-26 15:56:06,743 - hardware.vector_interface - INFO - Testing channel 2 at 500000 bps...
2025-09-26 15:56:06,744 - hardware.vector_interface - INFO - Testing channel 2 at 1000000 bps...
2025-09-26 15:56:06,745 - hardware.vector_interface - INFO - Testing channel 3 at 125000 bps...
2025-09-26 15:56:06,746 - hardware.vector_interface - INFO - Testing channel 3 at 250000 bps...
2025-09-26 15:56:06,747 - hardware.vector_interface - INFO - Testing channel 3 at 500000 bps...
2025-09-26 15:56:06,748 - hardware.vector_interface - INFO - Testing channel 3 at 1000000 bps...
2025-09-26 15:56:06,749 - hardware.vector_interface - INFO - Testing channel 4 at 125000 bps...
2025-09-26 15:56:06,750 - hardware.vector_interface - INFO - Testing channel 4 at 250000 bps...
2025-09-26 15:56:06,751 - hardware.vector_interface - INFO - Testing channel 4 at 500000 bps...
2025-09-26 15:56:06,752 - hardware.vector_interface - INFO - Testing channel 4 at 1000000 bps...
2025-09-26 15:56:06,753 - hardware.vector_interface - INFO - Testing channel 5 at 125000 bps...
2025-09-26 15:56:06,753 - hardware.vector_interface - INFO - Testing channel 5 at 250000 bps...
2025-09-26 15:56:06,754 - hardware.vector_interface - INFO - Testing channel 5 at 500000 bps...
2025-09-26 15:56:06,755 - hardware.vector_interface - INFO - Testing channel 5 at 1000000 bps...
2025-09-26 15:56:06,756 - hardware.vector_interface - INFO - Testing channel 6 at 125000 bps...
2025-09-26 15:56:06,757 - hardware.vector_interface - INFO - Testing channel 6 at 250000 bps...
2025-09-26 15:56:06,758 - hardware.vector_interface - INFO - Testing channel 6 at 500000 bps...
2025-09-26 15:56:06,759 - hardware.vector_interface - INFO - Testing channel 6 at 1000000 bps...
2025-09-26 15:56:06,759 - hardware.vector_interface - INFO - Testing channel 7 at 125000 bps...
2025-09-26 15:56:06,761 - hardware.vector_interface - INFO - Testing channel 7 at 250000 bps...
2025-09-26 15:56:06,762 - hardware.vector_interface - INFO - Testing channel 7 at 500000 bps...
2025-09-26 15:56:06,762 - hardware.vector_interface - INFO - Testing channel 7 at 1000000 bps...
2025-09-26 15:56:06,763 - hardware.vector_interface - WARNING - No Vector interfaces detected
2025-09-26 16:20:16,865 - loggers.data_logger - INFO - Database setup completed
2025-09-26 16:20:39,739 - loggers.data_logger - INFO - Database setup completed
2025-09-26 16:20:40,207 - hardware.vector_interface - INFO - Scanning for Vector CAN interfaces...
2025-09-26 16:20:40,208 - hardware.vector_interface - INFO - Testing channel 0 at 125000 bps...
2025-09-26 16:20:40,225 - can.interfaces.vector.canlib - WARNING - Could not import vxlapi: Vector XL library not found: vxlapi64
2025-09-26 16:20:40,227 - hardware.vector_interface - INFO - Testing channel 0 at 250000 bps...
2025-09-26 16:20:40,228 - hardware.vector_interface - INFO - Testing channel 0 at 500000 bps...
2025-09-26 16:20:40,229 - hardware.vector_interface - INFO - Testing channel 0 at 1000000 bps...
2025-09-26 16:20:40,229 - hardware.vector_interface - INFO - Testing channel 1 at 125000 bps...
2025-09-26 16:20:40,230 - hardware.vector_interface - INFO - Testing channel 1 at 250000 bps...
2025-09-26 16:20:40,231 - hardware.vector_interface - INFO - Testing channel 1 at 500000 bps...
2025-09-26 16:20:40,232 - hardware.vector_interface - INFO - Testing channel 1 at 1000000 bps...
2025-09-26 16:20:40,233 - hardware.vector_interface - INFO - Testing channel 2 at 125000 bps...
2025-09-26 16:20:40,233 - hardware.vector_interface - INFO - Testing channel 2 at 250000 bps...
2025-09-26 16:20:40,234 - hardware.vector_interface - INFO - Testing channel 2 at 500000 bps...
2025-09-26 16:20:40,235 - hardware.vector_interface - INFO - Testing channel 2 at 1000000 bps...
2025-09-26 16:20:40,236 - hardware.vector_interface - INFO - Testing channel 3 at 125000 bps...
2025-09-26 16:20:40,237 - hardware.vector_interface - INFO - Testing channel 3 at 250000 bps...
2025-09-26 16:20:40,238 - hardware.vector_interface - INFO - Testing channel 3 at 500000 bps...
2025-09-26 16:20:40,238 - hardware.vector_interface - INFO - Testing channel 3 at 1000000 bps...
2025-09-26 16:20:40,239 - hardware.vector_interface - INFO - Testing channel 4 at 125000 bps...
2025-09-26 16:20:40,240 - hardware.vector_interface - INFO - Testing channel 4 at 250000 bps...
2025-09-26 16:20:40,241 - hardware.vector_interface - INFO - Testing channel 4 at 500000 bps...
2025-09-26 16:20:40,241 - hardware.vector_interface - INFO - Testing channel 4 at 1000000 bps...
2025-09-26 16:20:40,242 - hardware.vector_interface - INFO - Testing channel 5 at 125000 bps...
2025-09-26 16:20:40,243 - hardware.vector_interface - INFO - Testing channel 5 at 250000 bps...
2025-09-26 16:20:40,244 - hardware.vector_interface - INFO - Testing channel 5 at 500000 bps...
2025-09-26 16:20:40,244 - hardware.vector_interface - INFO - Testing channel 5 at 1000000 bps...
2025-09-26 16:20:40,245 - hardware.vector_interface - INFO - Testing channel 6 at 125000 bps...
2025-09-26 16:20:40,246 - hardware.vector_interface - INFO - Testing channel 6 at 250000 bps...
2025-09-26 16:20:40,247 - hardware.vector_interface - INFO - Testing channel 6 at 500000 bps...
2025-09-26 16:20:40,247 - hardware.vector_interface - INFO - Testing channel 6 at 1000000 bps...
2025-09-26 16:20:40,248 - hardware.vector_interface - INFO - Testing channel 7 at 125000 bps...
2025-09-26 16:20:40,249 - hardware.vector_interface - INFO - Testing channel 7 at 250000 bps...
2025-09-26 16:20:40,250 - hardware.vector_interface - INFO - Testing channel 7 at 500000 bps...
2025-09-26 16:20:40,251 - hardware.vector_interface - INFO - Testing channel 7 at 1000000 bps...
2025-09-26 16:20:40,252 - hardware.vector_interface - WARNING - No Vector interfaces detected
2025-09-26 16:43:28,374 - loggers.data_logger - INFO - Database setup completed
2025-09-26 16:43:29,075 - hardware.vector_interface - INFO - Scanning for Vector CAN interfaces...
2025-09-26 16:43:29,076 - hardware.vector_interface - INFO - Testing channel 0 at 125000 bps...
2025-09-26 16:43:29,097 - can.interfaces.vector.canlib - WARNING - Could not import vxlapi: Vector XL library not found: vxlapi64
2025-09-26 16:43:29,100 - hardware.vector_interface - INFO - Testing channel 0 at 250000 bps...
2025-09-26 16:43:29,101 - hardware.vector_interface - INFO - Testing channel 0 at 500000 bps...
2025-09-26 16:43:29,102 - hardware.vector_interface - INFO - Testing channel 0 at 1000000 bps...
2025-09-26 16:43:29,103 - hardware.vector_interface - INFO - Testing channel 1 at 125000 bps...
2025-09-26 16:43:29,105 - hardware.vector_interface - INFO - Testing channel 1 at 250000 bps...
2025-09-26 16:43:29,107 - hardware.vector_interface - INFO - Testing channel 1 at 500000 bps...
2025-09-26 16:43:29,108 - hardware.vector_interface - INFO - Testing channel 1 at 1000000 bps...
2025-09-26 16:43:29,111 - hardware.vector_interface - INFO - Testing channel 2 at 125000 bps...
2025-09-26 16:43:29,112 - hardware.vector_interface - INFO - Testing channel 2 at 250000 bps...
2025-09-26 16:43:29,113 - hardware.vector_interface - INFO - Testing channel 2 at 500000 bps...
2025-09-26 16:43:29,116 - hardware.vector_interface - INFO - Testing channel 2 at 1000000 bps...
2025-09-26 16:43:29,117 - hardware.vector_interface - INFO - Testing channel 3 at 125000 bps...
2025-09-26 16:43:29,118 - hardware.vector_interface - INFO - Testing channel 3 at 250000 bps...
2025-09-26 16:43:29,119 - hardware.vector_interface - INFO - Testing channel 3 at 500000 bps...
2025-09-26 16:43:29,122 - hardware.vector_interface - INFO - Testing channel 3 at 1000000 bps...
2025-09-26 16:43:29,124 - hardware.vector_interface - INFO - Testing channel 4 at 125000 bps...
2025-09-26 16:43:29,126 - hardware.vector_interface - INFO - Testing channel 4 at 250000 bps...
2025-09-26 16:43:29,128 - hardware.vector_interface - INFO - Testing channel 4 at 500000 bps...
2025-09-26 16:43:29,130 - hardware.vector_interface - INFO - Testing channel 4 at 1000000 bps...
2025-09-26 16:43:29,131 - hardware.vector_interface - INFO - Testing channel 5 at 125000 bps...
2025-09-26 16:43:29,132 - hardware.vector_interface - INFO - Testing channel 5 at 250000 bps...
2025-09-26 16:43:29,133 - hardware.vector_interface - INFO - Testing channel 5 at 500000 bps...
2025-09-26 16:43:29,133 - hardware.vector_interface - INFO - Testing channel 5 at 1000000 bps...
2025-09-26 16:43:29,134 - hardware.vector_interface - INFO - Testing channel 6 at 125000 bps...
2025-09-26 16:43:29,135 - hardware.vector_interface - INFO - Testing channel 6 at 250000 bps...
2025-09-26 16:43:29,136 - hardware.vector_interface - INFO - Testing channel 6 at 500000 bps...
2025-09-26 16:43:29,137 - hardware.vector_interface - INFO - Testing channel 6 at 1000000 bps...
2025-09-26 16:43:29,138 - hardware.vector_interface - INFO - Testing channel 7 at 125000 bps...
2025-09-26 16:43:29,138 - hardware.vector_interface - INFO - Testing channel 7 at 250000 bps...
2025-09-26 16:43:29,140 - hardware.vector_interface - INFO - Testing channel 7 at 500000 bps...
2025-09-26 16:43:29,140 - hardware.vector_interface - INFO - Testing channel 7 at 1000000 bps...
2025-09-26 16:43:29,141 - hardware.vector_interface - WARNING - No Vector interfaces detected
2025-09-26 16:51:24,326 - loggers.data_logger - INFO - Database setup completed
2025-09-26 16:51:24,844 - hardware.vector_interface - INFO - Scanning for Vector CAN interfaces...
2025-09-26 16:51:24,844 - hardware.vector_interface - INFO - Testing channel 0 at 125000 bps...
2025-09-26 16:51:24,870 - can.interfaces.vector.canlib - WARNING - Could not import vxlapi: Vector XL library not found: vxlapi64
2025-09-26 16:51:24,872 - hardware.vector_interface - INFO - Testing channel 0 at 250000 bps...
2025-09-26 16:51:24,874 - hardware.vector_interface - INFO - Testing channel 0 at 500000 bps...
2025-09-26 16:51:24,875 - hardware.vector_interface - INFO - Testing channel 0 at 1000000 bps...
2025-09-26 16:51:24,876 - hardware.vector_interface - INFO - Testing channel 1 at 125000 bps...
2025-09-26 16:51:24,877 - hardware.vector_interface - INFO - Testing channel 1 at 250000 bps...
2025-09-26 16:51:24,879 - hardware.vector_interface - INFO - Testing channel 1 at 500000 bps...
2025-09-26 16:51:24,880 - hardware.vector_interface - INFO - Testing channel 1 at 1000000 bps...
2025-09-26 16:51:24,881 - hardware.vector_interface - INFO - Testing channel 2 at 125000 bps...
2025-09-26 16:51:24,882 - hardware.vector_interface - INFO - Testing channel 2 at 250000 bps...
2025-09-26 16:51:24,883 - hardware.vector_interface - INFO - Testing channel 2 at 500000 bps...
2025-09-26 16:51:24,884 - hardware.vector_interface - INFO - Testing channel 2 at 1000000 bps...
2025-09-26 16:51:24,885 - hardware.vector_interface - INFO - Testing channel 3 at 125000 bps...
2025-09-26 16:51:24,886 - hardware.vector_interface - INFO - Testing channel 3 at 250000 bps...
2025-09-26 16:51:24,887 - hardware.vector_interface - INFO - Testing channel 3 at 500000 bps...
2025-09-26 16:51:24,888 - hardware.vector_interface - INFO - Testing channel 3 at 1000000 bps...
2025-09-26 16:51:24,889 - hardware.vector_interface - INFO - Testing channel 4 at 125000 bps...
2025-09-26 16:51:24,890 - hardware.vector_interface - INFO - Testing channel 4 at 250000 bps...
2025-09-26 16:51:24,891 - hardware.vector_interface - INFO - Testing channel 4 at 500000 bps...
2025-09-26 16:51:24,892 - hardware.vector_interface - INFO - Testing channel 4 at 1000000 bps...
2025-09-26 16:51:24,893 - hardware.vector_interface - INFO - Testing channel 5 at 125000 bps...
2025-09-26 16:51:24,894 - hardware.vector_interface - INFO - Testing channel 5 at 250000 bps...
2025-09-26 16:51:24,895 - hardware.vector_interface - INFO - Testing channel 5 at 500000 bps...
2025-09-26 16:51:24,896 - hardware.vector_interface - INFO - Testing channel 5 at 1000000 bps...
2025-09-26 16:51:24,897 - hardware.vector_interface - INFO - Testing channel 6 at 125000 bps...
2025-09-26 16:51:24,898 - hardware.vector_interface - INFO - Testing channel 6 at 250000 bps...
2025-09-26 16:51:24,899 - hardware.vector_interface - INFO - Testing channel 6 at 500000 bps...
2025-09-26 16:51:24,900 - hardware.vector_interface - INFO - Testing channel 6 at 1000000 bps...
2025-09-26 16:51:24,901 - hardware.vector_interface - INFO - Testing channel 7 at 125000 bps...
2025-09-26 16:51:24,902 - hardware.vector_interface - INFO - Testing channel 7 at 250000 bps...
2025-09-26 16:51:24,903 - hardware.vector_interface - INFO - Testing channel 7 at 500000 bps...
2025-09-26 16:51:24,904 - hardware.vector_interface - INFO - Testing channel 7 at 1000000 bps...
2025-09-26 16:51:24,905 - hardware.vector_interface - WARNING - No Vector interfaces detected
2025-09-26 16:58:46,781 - loggers.data_logger - INFO - Database setup completed
2025-09-26 16:58:47,357 - hardware.vector_interface - INFO - Scanning for Vector CAN interfaces...
2025-09-26 16:58:47,357 - hardware.vector_interface - INFO - Testing channel 0 at 125000 bps...
2025-09-26 16:58:47,373 - can.interfaces.vector.canlib - WARNING - Could not import vxlapi: Vector XL library not found: vxlapi64
2025-09-26 16:58:47,374 - hardware.vector_interface - INFO - Testing channel 0 at 250000 bps...
2025-09-26 16:58:47,375 - hardware.vector_interface - INFO - Testing channel 0 at 500000 bps...
2025-09-26 16:58:47,376 - hardware.vector_interface - INFO - Testing channel 0 at 1000000 bps...
2025-09-26 16:58:47,377 - hardware.vector_interface - INFO - Testing channel 1 at 125000 bps...
2025-09-26 16:58:47,378 - hardware.vector_interface - INFO - Testing channel 1 at 250000 bps...
2025-09-26 16:58:47,379 - hardware.vector_interface - INFO - Testing channel 1 at 500000 bps...
2025-09-26 16:58:47,380 - hardware.vector_interface - INFO - Testing channel 1 at 1000000 bps...
2025-09-26 16:58:47,381 - hardware.vector_interface - INFO - Testing channel 2 at 125000 bps...
2025-09-26 16:58:47,382 - hardware.vector_interface - INFO - Testing channel 2 at 250000 bps...
2025-09-26 16:58:47,383 - hardware.vector_interface - INFO - Testing channel 2 at 500000 bps...
2025-09-26 16:58:47,384 - hardware.vector_interface - INFO - Testing channel 2 at 1000000 bps...
2025-09-26 16:58:47,385 - hardware.vector_interface - INFO - Testing channel 3 at 125000 bps...
2025-09-26 16:58:47,386 - hardware.vector_interface - INFO - Testing channel 3 at 250000 bps...
2025-09-26 16:58:47,388 - hardware.vector_interface - INFO - Testing channel 3 at 500000 bps...
2025-09-26 16:58:47,389 - hardware.vector_interface - INFO - Testing channel 3 at 1000000 bps...
2025-09-26 16:58:47,390 - hardware.vector_interface - INFO - Testing channel 4 at 125000 bps...
2025-09-26 16:58:47,391 - hardware.vector_interface - INFO - Testing channel 4 at 250000 bps...
2025-09-26 16:58:47,392 - hardware.vector_interface - INFO - Testing channel 4 at 500000 bps...
2025-09-26 16:58:47,393 - hardware.vector_interface - INFO - Testing channel 4 at 1000000 bps...
2025-09-26 16:58:47,394 - hardware.vector_interface - INFO - Testing channel 5 at 125000 bps...
2025-09-26 16:58:47,396 - hardware.vector_interface - INFO - Testing channel 5 at 250000 bps...
2025-09-26 16:58:47,397 - hardware.vector_interface - INFO - Testing channel 5 at 500000 bps...
2025-09-26 16:58:47,398 - hardware.vector_interface - INFO - Testing channel 5 at 1000000 bps...
2025-09-26 16:58:47,399 - hardware.vector_interface - INFO - Testing channel 6 at 125000 bps...
2025-09-26 16:58:47,400 - hardware.vector_interface - INFO - Testing channel 6 at 250000 bps...
2025-09-26 16:58:47,401 - hardware.vector_interface - INFO - Testing channel 6 at 500000 bps...
2025-09-26 16:58:47,402 - hardware.vector_interface - INFO - Testing channel 6 at 1000000 bps...
2025-09-26 16:58:47,403 - hardware.vector_interface - INFO - Testing channel 7 at 125000 bps...
2025-09-26 16:58:47,404 - hardware.vector_interface - INFO - Testing channel 7 at 250000 bps...
2025-09-26 16:58:47,405 - hardware.vector_interface - INFO - Testing channel 7 at 500000 bps...
2025-09-26 16:58:47,406 - hardware.vector_interface - INFO - Testing channel 7 at 1000000 bps...
2025-09-26 16:58:47,407 - hardware.vector_interface - WARNING - No Vector interfaces detected
2025-09-26 17:32:15,939 - loggers.data_logger - INFO - Database setup completed
2025-09-26 17:32:16,429 - hardware.vector_interface - INFO - Scanning for Vector CAN interfaces...
2025-09-26 17:32:16,430 - hardware.vector_interface - INFO - Testing channel 0 at 125000 bps...
2025-09-26 17:32:16,460 - can.interfaces.vector.canlib - WARNING - Could not import vxlapi: Vector XL library not found: vxlapi64
2025-09-26 17:32:16,462 - hardware.vector_interface - INFO - Testing channel 0 at 250000 bps...
2025-09-26 17:32:16,463 - hardware.vector_interface - INFO - Testing channel 0 at 500000 bps...
2025-09-26 17:32:16,464 - hardware.vector_interface - INFO - Testing channel 0 at 1000000 bps...
2025-09-26 17:32:16,465 - hardware.vector_interface - INFO - Testing channel 1 at 125000 bps...
2025-09-26 17:32:16,467 - hardware.vector_interface - INFO - Testing channel 1 at 250000 bps...
2025-09-26 17:32:16,468 - hardware.vector_interface - INFO - Testing channel 1 at 500000 bps...
2025-09-26 17:32:16,468 - hardware.vector_interface - INFO - Testing channel 1 at 1000000 bps...
2025-09-26 17:32:16,469 - hardware.vector_interface - INFO - Testing channel 2 at 125000 bps...
2025-09-26 17:32:16,470 - hardware.vector_interface - INFO - Testing channel 2 at 250000 bps...
2025-09-26 17:32:16,471 - hardware.vector_interface - INFO - Testing channel 2 at 500000 bps...
2025-09-26 17:32:16,472 - hardware.vector_interface - INFO - Testing channel 2 at 1000000 bps...
2025-09-26 17:32:16,474 - hardware.vector_interface - INFO - Testing channel 3 at 125000 bps...
2025-09-26 17:32:16,475 - hardware.vector_interface - INFO - Testing channel 3 at 250000 bps...
2025-09-26 17:32:16,476 - hardware.vector_interface - INFO - Testing channel 3 at 500000 bps...
2025-09-26 17:32:16,477 - hardware.vector_interface - INFO - Testing channel 3 at 1000000 bps...
2025-09-26 17:32:16,478 - hardware.vector_interface - INFO - Testing channel 4 at 125000 bps...
2025-09-26 17:32:16,479 - hardware.vector_interface - INFO - Testing channel 4 at 250000 bps...
2025-09-26 17:32:16,480 - hardware.vector_interface - INFO - Testing channel 4 at 500000 bps...
2025-09-26 17:32:16,480 - hardware.vector_interface - INFO - Testing channel 4 at 1000000 bps...
2025-09-26 17:32:16,481 - hardware.vector_interface - INFO - Testing channel 5 at 125000 bps...
2025-09-26 17:32:16,482 - hardware.vector_interface - INFO - Testing channel 5 at 250000 bps...
2025-09-26 17:32:16,483 - hardware.vector_interface - INFO - Testing channel 5 at 500000 bps...
2025-09-26 17:32:16,483 - hardware.vector_interface - INFO - Testing channel 5 at 1000000 bps...
2025-09-26 17:32:16,484 - hardware.vector_interface - INFO - Testing channel 6 at 125000 bps...
2025-09-26 17:32:16,485 - hardware.vector_interface - INFO - Testing channel 6 at 250000 bps...
2025-09-26 17:32:16,485 - hardware.vector_interface - INFO - Testing channel 6 at 500000 bps...
2025-09-26 17:32:16,486 - hardware.vector_interface - INFO - Testing channel 6 at 1000000 bps...
2025-09-26 17:32:16,487 - hardware.vector_interface - INFO - Testing channel 7 at 125000 bps...
2025-09-26 17:32:16,487 - hardware.vector_interface - INFO - Testing channel 7 at 250000 bps...
2025-09-26 17:32:16,488 - hardware.vector_interface - INFO - Testing channel 7 at 500000 bps...
2025-09-26 17:32:16,488 - hardware.vector_interface - INFO - Testing channel 7 at 1000000 bps...
2025-09-26 17:32:16,489 - hardware.vector_interface - WARNING - No Vector interfaces detected
2025-09-26 17:52:41,816 - loggers.data_logger - INFO - Database setup completed
2025-09-26 17:52:42,267 - hardware.vector_interface - INFO - Scanning for Vector CAN interfaces...
2025-09-26 17:52:42,267 - hardware.vector_interface - INFO - Testing channel 0 at 125000 bps...
2025-09-26 17:52:42,297 - can.interfaces.vector.canlib - WARNING - Could not import vxlapi: Vector XL library not found: vxlapi64
2025-09-26 17:52:42,300 - hardware.vector_interface - INFO - Testing channel 0 at 250000 bps...
2025-09-26 17:52:42,301 - hardware.vector_interface - INFO - Testing channel 0 at 500000 bps...
2025-09-26 17:52:42,302 - hardware.vector_interface - INFO - Testing channel 0 at 1000000 bps...
2025-09-26 17:52:42,304 - hardware.vector_interface - INFO - Testing channel 1 at 125000 bps...
2025-09-26 17:52:42,305 - hardware.vector_interface - INFO - Testing channel 1 at 250000 bps...
2025-09-26 17:52:42,306 - hardware.vector_interface - INFO - Testing channel 1 at 500000 bps...
2025-09-26 17:52:42,308 - hardware.vector_interface - INFO - Testing channel 1 at 1000000 bps...
2025-09-26 17:52:42,309 - hardware.vector_interface - INFO - Testing channel 2 at 125000 bps...
2025-09-26 17:52:42,310 - hardware.vector_interface - INFO - Testing channel 2 at 250000 bps...
2025-09-26 17:52:42,312 - hardware.vector_interface - INFO - Testing channel 2 at 500000 bps...
2025-09-26 17:52:42,313 - hardware.vector_interface - INFO - Testing channel 2 at 1000000 bps...
2025-09-26 17:52:42,315 - hardware.vector_interface - INFO - Testing channel 3 at 125000 bps...
2025-09-26 17:52:42,316 - hardware.vector_interface - INFO - Testing channel 3 at 250000 bps...
2025-09-26 17:52:42,317 - hardware.vector_interface - INFO - Testing channel 3 at 500000 bps...
2025-09-26 17:52:42,318 - hardware.vector_interface - INFO - Testing channel 3 at 1000000 bps...
2025-09-26 17:52:42,319 - hardware.vector_interface - INFO - Testing channel 4 at 125000 bps...
2025-09-26 17:52:42,320 - hardware.vector_interface - INFO - Testing channel 4 at 250000 bps...
2025-09-26 17:52:42,321 - hardware.vector_interface - INFO - Testing channel 4 at 500000 bps...
2025-09-26 17:52:42,323 - hardware.vector_interface - INFO - Testing channel 4 at 1000000 bps...
2025-09-26 17:52:42,324 - hardware.vector_interface - INFO - Testing channel 5 at 125000 bps...
2025-09-26 17:52:42,325 - hardware.vector_interface - INFO - Testing channel 5 at 250000 bps...
2025-09-26 17:52:42,326 - hardware.vector_interface - INFO - Testing channel 5 at 500000 bps...
2025-09-26 17:52:42,327 - hardware.vector_interface - INFO - Testing channel 5 at 1000000 bps...
2025-09-26 17:52:42,328 - hardware.vector_interface - INFO - Testing channel 6 at 125000 bps...
2025-09-26 17:52:42,329 - hardware.vector_interface - INFO - Testing channel 6 at 250000 bps...
2025-09-26 17:52:42,330 - hardware.vector_interface - INFO - Testing channel 6 at 500000 bps...
2025-09-26 17:52:42,331 - hardware.vector_interface - INFO - Testing channel 6 at 1000000 bps...
2025-09-26 17:52:42,332 - hardware.vector_interface - INFO - Testing channel 7 at 125000 bps...
2025-09-26 17:52:42,334 - hardware.vector_interface - INFO - Testing channel 7 at 250000 bps...
2025-09-26 17:52:42,335 - hardware.vector_interface - INFO - Testing channel 7 at 500000 bps...
2025-09-26 17:52:42,336 - hardware.vector_interface - INFO - Testing channel 7 at 1000000 bps...
2025-09-26 17:52:42,337 - hardware.vector_interface - WARNING - No Vector interfaces detected
2025-09-26 17:52:44,627 - hardware.vector_interface - INFO - CAN capture stopped
2025-10-30 13:50:11,370 - loggers.data_logger - INFO - Database setup completed
2025-10-30 13:50:12,032 - hardware.vector_interface - INFO - Scanning for Vector CAN interfaces...
2025-10-30 13:50:12,033 - hardware.vector_interface - INFO - Testing channel 0 at 125000 bps...
2025-10-30 13:50:12,060 - can.interfaces.vector.canlib - WARNING - Could not import vxlapi: Vector XL library not found: vxlapi64
2025-10-30 13:50:12,061 - hardware.vector_interface - INFO - Testing channel 0 at 250000 bps...
2025-10-30 13:50:12,062 - hardware.vector_interface - INFO - Testing channel 0 at 500000 bps...
2025-10-30 13:50:12,063 - hardware.vector_interface - INFO - Testing channel 0 at 1000000 bps...
2025-10-30 13:50:12,064 - hardware.vector_interface - INFO - Testing channel 1 at 125000 bps...
2025-10-30 13:50:12,065 - hardware.vector_interface - INFO - Testing channel 1 at 250000 bps...
2025-10-30 13:50:12,066 - hardware.vector_interface - INFO - Testing channel 1 at 500000 bps...
2025-10-30 13:50:12,067 - hardware.vector_interface - INFO - Testing channel 1 at 1000000 bps...
2025-10-30 13:50:12,068 - hardware.vector_interface - INFO - Testing channel 2 at 125000 bps...
2025-10-30 13:50:12,069 - hardware.vector_interface - INFO - Testing channel 2 at 250000 bps...
2025-10-30 13:50:12,070 - hardware.vector_interface - INFO - Testing channel 2 at 500000 bps...
2025-10-30 13:50:12,071 - hardware.vector_interface - INFO - Testing channel 2 at 1000000 bps...
2025-10-30 13:50:12,072 - hardware.vector_interface - INFO - Testing channel 3 at 125000 bps...
2025-10-30 13:50:12,073 - hardware.vector_interface - INFO - Testing channel 3 at 250000 bps...
2025-10-30 13:50:12,075 - hardware.vector_interface - INFO - Testing channel 3 at 500000 bps...
2025-10-30 13:50:12,076 - hardware.vector_interface - INFO - Testing channel 3 at 1000000 bps...
2025-10-30 13:50:12,078 - hardware.vector_interface - INFO - Testing channel 4 at 125000 bps...
2025-10-30 13:50:12,078 - hardware.vector_interface - INFO - Testing channel 4 at 250000 bps...
2025-10-30 13:50:12,079 - hardware.vector_interface - INFO - Testing channel 4 at 500000 bps...
2025-10-30 13:50:12,081 - hardware.vector_interface - INFO - Testing channel 4 at 1000000 bps...
2025-10-30 13:50:12,081 - hardware.vector_interface - INFO - Testing channel 5 at 125000 bps...
2025-10-30 13:50:12,082 - hardware.vector_interface - INFO - Testing channel 5 at 250000 bps...
2025-10-30 13:50:12,084 - hardware.vector_interface - INFO - Testing channel 5 at 500000 bps...
2025-10-30 13:50:12,085 - hardware.vector_interface - INFO - Testing channel 5 at 1000000 bps...
2025-10-30 13:50:12,086 - hardware.vector_interface - INFO - Testing channel 6 at 125000 bps...
2025-10-30 13:50:12,087 - hardware.vector_interface - INFO - Testing channel 6 at 250000 bps...
2025-10-30 13:50:12,088 - hardware.vector_interface - INFO - Testing channel 6 at 500000 bps...
2025-10-30 13:50:12,090 - hardware.vector_interface - INFO - Testing channel 6 at 1000000 bps...
2025-10-30 13:50:12,092 - hardware.vector_interface - INFO - Testing channel 7 at 125000 bps...
2025-10-30 13:50:12,094 - hardware.vector_interface - INFO - Testing channel 7 at 250000 bps...
2025-10-30 13:50:12,096 - hardware.vector_interface - INFO - Testing channel 7 at 500000 bps...
2025-10-30 13:50:12,097 - hardware.vector_interface - INFO - Testing channel 7 at 1000000 bps...
2025-10-30 13:50:12,099 - hardware.vector_interface - WARNING - No Vector interfaces detected
